<?xml version="1.0" encoding="UTF-8"?>
<testng-results ignored="0" total="2" passed="2" failed="0" skipped="0">
  <reporter-output>
  </reporter-output>
  <suite started-at="2024-03-27T07:21:07 IST" name="Default suite" finished-at="2024-03-27T07:21:13 IST" duration-ms="5516">
    <groups>
      <group name="Sanity">
        <method signature="ComprehensiveForTestNG.CreateJob()[pri:3, instance:com.api.test.ComprehensiveForTestNG@2c1156a7]" name="CreateJob" class="com.api.test.ComprehensiveForTestNG"/>
        <method signature="ComprehensiveForTestNG.userDetails()[pri:4, instance:com.api.test.ComprehensiveForTestNG@2c1156a7]" name="userDetails" class="com.api.test.ComprehensiveForTestNG"/>
      </group> <!-- Sanity -->
      <group name="Smoke">
        <method signature="ComprehensiveForTestNG.CreateJob()[pri:3, instance:com.api.test.ComprehensiveForTestNG@2c1156a7]" name="CreateJob" class="com.api.test.ComprehensiveForTestNG"/>
        <method signature="ComprehensiveForTestNG.userDetails()[pri:4, instance:com.api.test.ComprehensiveForTestNG@2c1156a7]" name="userDetails" class="com.api.test.ComprehensiveForTestNG"/>
      </group> <!-- Smoke -->
    </groups>
    <test started-at="2024-03-27T07:21:07 IST" name="Default test" finished-at="2024-03-27T07:21:13 IST" duration-ms="5516">
      <class name="com.api.test.ComprehensiveForTestNG">
        <test-method is-config="true" signature="setUp()[pri:0, instance:com.api.test.ComprehensiveForTestNG@2c1156a7]" started-at="2024-03-27T07:21:08 IST" name="setUp" description="basic setup method to setup header" finished-at="2024-03-27T07:21:11 IST" duration-ms="3139" status="PASS">
          <reporter-output>
          </reporter-output>
        </test-method> <!-- setUp -->
        <test-method signature="CreateJob()[pri:3, instance:com.api.test.ComprehensiveForTestNG@2c1156a7]" started-at="2024-03-27T07:21:11 IST" name="CreateJob" description="This is a create job api request" finished-at="2024-03-27T07:21:13 IST" duration-ms="1903" status="PASS">
          <reporter-output>
          </reporter-output>
        </test-method> <!-- CreateJob -->
        <test-method is-config="true" signature="setUp()[pri:0, instance:com.api.test.ComprehensiveForTestNG@2c1156a7]" started-at="2024-03-27T07:21:13 IST" name="setUp" description="basic setup method to setup header" finished-at="2024-03-27T07:21:13 IST" duration-ms="161" status="PASS">
          <reporter-output>
          </reporter-output>
        </test-method> <!-- setUp -->
        <test-method signature="userDetails()[pri:4, instance:com.api.test.ComprehensiveForTestNG@2c1156a7]" started-at="2024-03-27T07:21:13 IST" name="userDetails" description="User details api reqiuest" finished-at="2024-03-27T07:21:13 IST" duration-ms="257" status="PASS">
          <reporter-output>
          </reporter-output>
        </test-method> <!-- userDetails -->
      </class> <!-- com.api.test.ComprehensiveForTestNG -->
    </test> <!-- Default test -->
  </suite> <!-- Default suite -->
</testng-results>
